#
# A fatal error has been detected by the Java Runtime Environment:
#
#  EXCEPTION_ACCESS_VIOLATION (0xc0000005) at pc=0x000000005cd6c0b5, pid=2988, tid=0x00000000000002d4
#
# JRE version: OpenJDK Runtime Environment (8.0_202-b03) (build 1.8.0_202-release-1483-b03)
# Java VM: OpenJDK 64-Bit Server VM (25.202-b03 mixed mode windows-amd64 compressed oops)
# Problematic frame:
# V  [jvm.dll+0x6c0b5]
#
# Failed to write core dump. Minidumps are not enabled by default on client versions of Windows
#
# If you would like to submit a bug report, please visit:
#   http://bugreport.java.com/bugreport/crash.jsp
#

---------------  T H R E A D  ---------------

Current thread (0x0000000016d06000):  VMThread [stack: 0x0000000017db0000,0x0000000017eb0000] [id=724]

siginfo: ExceptionCode=0xc0000005, reading address 0xffffffffffffffff

Registers:
RAX=0x00000000033d0110, RBX=0x00000000031c18f0, RCX=0x00000000031c18f0, RDX=0x00000000033d0100
RSP=0x0000000017eaf1a8, RBP=0x0000000017eaf3a0, RSI=0x0000000017eaf210, RDI=0x00000000033d0110
R8 =0x00000000031c18f0, R9 =0x00000000033d0000, R10=0x000000000023908d, R11=0x0000000008e42340
R12=0x0000000000000010, R13=0x00000000032d30a0, R14=0x0000000000000000, R15=0x00000000032de7c0
RIP=0x000000005cd6c0b5, EFLAGS=0x0000000000010202

Top of Stack: (sp=0x0000000017eaf1a8)
0x0000000017eaf1a8:   ffffffff8b48078b 00000000031c18f0
0x0000000017eaf1b8:   0000000017eaf210 0000000000000010
0x0000000017eaf1c8:   0000000016d04d10 00000000032d1fd0
0x0000000017eaf1d8:   000000005d0cc6c7 000000005d48c720
0x0000000017eaf1e8:   0000000016d04d10 0000000016d04d10
0x0000000017eaf1f8:   00000000032d1fd0 000000005d48c680
0x0000000017eaf208:   0000000000000006 000000005d2c57f0
0x0000000017eaf218:   00000000032dcf00 000000005d48c720
0x0000000017eaf228:   0000000001400301 000000005d318f18
0x0000000017eaf238:   00000000a0910100 000000005d48c680
0x0000000017eaf248:   0000000002481af2 000000005d2ff2c0
0x0000000017eaf258:   0000000000000100 000000005d48c720
0x0000000017eaf268:   000000005d2d5bb8 00000000032de700
0x0000000017eaf278:   000000005d48c720 00000000032d3001
0x0000000017eaf288:   0000000000000010 00000000033bba30
0x0000000017eaf298:   000000005d0cd895 00000000033bba30 

Instructions: (pc=0x000000005cd6c0b5)
0x000000005cd6c095:   e7 05 05 00 48 8b cb 48 8b d0 e8 2c 0c 05 00 48
0x000000005cd6c0a5:   8b f8 48 85 c0 74 44 0f 1f 40 00 68 8b 07 48 8b
0x000000005cd6c0b5:   cf ff 90 80 00 00 00 84 d0 75 30 48 8b 1d 41 cb
0x000000005cd6c0c5:   73 00 48 8b d7 48 8b cb e8 3e 05 05 00 48 8b cb 


Register to memory mapping:

RAX=0x00000000033d0110 is at code_begin+-80 in 
[CodeBlob (0x00000000033d0110)]
Framesize: 0
BufferBlob (0x00000000033d0110) used for CodeCache Exception Handler
RBX=0x00000000031c18f0 is an unknown value
RCX=0x00000000031c18f0 is an unknown value
RDX=0x00000000033d0100 is an unknown value
RSP=0x0000000017eaf1a8 is an unknown value
RBP=0x0000000017eaf3a0 is an unknown value
RSI=0x0000000017eaf210 is an unknown value
RDI=0x00000000033d0110 is at code_begin+-80 in 
[CodeBlob (0x00000000033d0110)]
Framesize: 0
BufferBlob (0x00000000033d0110) used for CodeCache Exception Handler
R8 =0x00000000031c18f0 is an unknown value
R9 =0x00000000033d0000 is an unknown value
R10=0x000000000023908d is an unknown value
R11=0x0000000008e42340 is an unknown value
R12=0x0000000000000010 is an unknown value
R13=0x00000000032d30a0 is an unknown value
R14=0x0000000000000000 is an unknown value
R15=0x00000000032de7c0 is an unknown value


Stack: [0x0000000017db0000,0x0000000017eb0000],  sp=0x0000000017eaf1a8,  free space=1020k
Native frames: (J=compiled Java code, j=interpreted, Vv=VM code, C=native code)
V  [jvm.dll+0x6c0b5]
C  0x00000000032d1fd0

VM_Operation (0x000000001b3e7910): CollectForMetadataAllocation, mode: safepoint, requested by thread 0x00000000188dd000


---------------  P R O C E S S  ---------------

Java Threads: ( => current thread )
  0x0000000019dab800 
[error occurred during error reporting (printing all threads), id 0xc0000005]

VM state:at safepoint (normal execution)

VM Mutex/Monitor currently owned by a thread:  ([mutex/lock_event])
[0x00000000031cd810] Threads_lock - owner thread: 0x0000000016d06000
[0x00000000031ccf10] Heap_lock - owner thread: 0x00000000188dd000

heap address: 0x00000000a0000000, size: 1536 MB, Compressed Oops mode: 32-bit
Narrow klass base: 0x0000000000000000, Narrow klass shift: 3
Compressed class space size: 1073741824 Address: 0x0000000100000000

Heap:
 PSYoungGen      total 59392K, used 7785K [0x00000000e0000000, 0x00000000e7880000, 0x0000000100000000)
  eden space 51200K, 0% used [0x00000000e0000000,0x00000000e0000000,0x00000000e3200000)
  from space 8192K, 95% used [0x00000000e7080000,0x00000000e781a400,0x00000000e7880000)
  to   space 9728K, 0% used [0x00000000e6580000,0x00000000e6580000,0x00000000e6f00000)
 ParOldGen       total 35840K, used 11642K [0x00000000a0000000, 0x00000000a2300000, 0x00000000e0000000)
  object space 35840K, 32% used [0x00000000a0000000,0x00000000a0b5e9d8,0x00000000a2300000)
 Metaspace       used 20730K, capacity 21134K, committed 21296K, reserved 1067008K
  class space    used 2960K, capacity 3119K, committed 3200K, reserved 1048576K

Card table byte_map: [0x0000000012790000,0x0000000012aa0000] byte_map_base: 0x0000000012290000

Marking Bits: (ParMarkBitMap*) 0x000000005d4c9f30
 Begin Bits: [0x00000000130a0000, 0x00000000148a0000)
 End Bits:   [0x00000000148a0000, 0x00000000160a0000)

Polling page: 0x0000000000fb0000

CodeCache: size=245760Kb used=5551Kb max_used=5659Kb free=240208Kb
 bounds [0x00000000033d0000, 0x0000000003960000, 0x00000000123d0000]
 total_blobs=2089 nmethods=1675 adapters=328
 compilation: enabled

Compilation events (10 events):
Event: 20.340 Thread 0x0000000016d45000 1820       3       java.lang.Class::copyMethods (36 bytes)
Event: 20.341 Thread 0x0000000016d45000 nmethod 1820 0x00000000036ff750 code [0x00000000036ff940, 0x0000000003700338]
Event: 20.390 Thread 0x0000000016d45000 1821       3       java.lang.Class::getMethod (64 bytes)
Event: 20.392 Thread 0x0000000016d45000 nmethod 1821 0x00000000036fe2d0 code [0x00000000036fe520, 0x00000000036ff1a8]
Event: 20.392 Thread 0x0000000016d45000 1822       3       java.util.HashSet::<init> (17 bytes)
Event: 20.392 Thread 0x0000000016d45000 nmethod 1822 0x00000000036fdbd0 code [0x00000000036fdd80, 0x00000000036fe108]
Event: 20.392 Thread 0x0000000016d45000 1823       3       java.lang.ClassValue$Entry::version (8 bytes)
Event: 20.392 Thread 0x0000000016d45000 nmethod 1823 0x00000000036fd6d0 code [0x00000000036fd840, 0x00000000036fdb10]
Event: 20.392 Thread 0x0000000016d45000 1824       3       java.util.WeakHashMap::get (77 bytes)
Event: 20.393 Thread 0x0000000016d45000 nmethod 1824 0x00000000036fc910 code [0x00000000036fcae0, 0x00000000036fd368]

GC Heap History (10 events):
Event: 2.296 GC heap after
Heap after GC invocations=2 (full 0):
 PSYoungGen      total 28672K, used 2027K [0x00000000e0000000, 0x00000000e1e00000, 0x0000000100000000)
  eden space 26624K, 0% used [0x00000000e0000000,0x00000000e0000000,0x00000000e1a00000)
  from space 2048K, 99% used [0x00000000e1c00000,0x00000000e1dfaee8,0x00000000e1e00000)
  to   space 2048K, 0% used [0x00000000e1a00000,0x00000000e1a00000,0x00000000e1c00000)
 ParOldGen       total 35840K, used 1145K [0x00000000a0000000, 0x00000000a2300000, 0x00000000e0000000)
  object space 35840K, 3% used [0x00000000a0000000,0x00000000a011e478,0x00000000a2300000)
 Metaspace       used 6616K, capacity 6784K, committed 7040K, reserved 1056768K
  class space    used 811K, capacity 844K, committed 896K, reserved 1048576K
}
Event: 3.198 GC heap before
{Heap before GC invocations=3 (full 0):
 PSYoungGen      total 28672K, used 28651K [0x00000000e0000000, 0x00000000e1e00000, 0x0000000100000000)
  eden space 26624K, 100% used [0x00000000e0000000,0x00000000e1a00000,0x00000000e1a00000)
  from space 2048K, 99% used [0x00000000e1c00000,0x00000000e1dfaee8,0x00000000e1e00000)
  to   space 2048K, 0% used [0x00000000e1a00000,0x00000000e1a00000,0x00000000e1c00000)
 ParOldGen       total 35840K, used 1145K [0x00000000a0000000, 0x00000000a2300000, 0x00000000e0000000)
  object space 35840K, 3% used [0x00000000a0000000,0x00000000a011e478,0x00000000a2300000)
 Metaspace       used 6974K, capacity 7194K, committed 7424K, reserved 1056768K
  class space    used 872K, capacity 917K, committed 1024K, reserved 1048576K
Event: 3.209 GC heap after
Heap after GC invocations=3 (full 0):
 PSYoungGen      total 28672K, used 2048K [0x00000000e0000000, 0x00000000e3800000, 0x0000000100000000)
  eden space 26624K, 0% used [0x00000000e0000000,0x00000000e0000000,0x00000000e1a00000)
  from space 2048K, 100% used [0x00000000e1a00000,0x00000000e1c00000,0x00000000e1c00000)
  to   space 2048K, 0% used [0x00000000e3600000,0x00000000e3600000,0x00000000e3800000)
 ParOldGen       total 35840K, used 2253K [0x00000000a0000000, 0x00000000a2300000, 0x00000000e0000000)
  object space 35840K, 6% used [0x00000000a0000000,0x00000000a02334c0,0x00000000a2300000)
 Metaspace       used 6974K, capacity 7194K, committed 7424K, reserved 1056768K
  class space    used 872K, capacity 917K, committed 1024K, reserved 1048576K
}
Event: 9.612 GC heap before
{Heap before GC invocations=4 (full 0):
 PSYoungGen      total 28672K, used 28672K [0x00000000e0000000, 0x00000000e3800000, 0x0000000100000000)
  eden space 26624K, 100% used [0x00000000e0000000,0x00000000e1a00000,0x00000000e1a00000)
  from space 2048K, 100% used [0x00000000e1a00000,0x00000000e1c00000,0x00000000e1c00000)
  to   space 2048K, 0% used [0x00000000e3600000,0x00000000e3600000,0x00000000e3800000)
 ParOldGen       total 35840K, used 2253K [0x00000000a0000000, 0x00000000a2300000, 0x00000000e0000000)
  object space 35840K, 6% used [0x00000000a0000000,0x00000000a02334c0,0x00000000a2300000)
 Metaspace       used 12067K, capacity 12442K, committed 12544K, reserved 1060864K
  class space    used 1612K, capacity 1723K, committed 1792K, reserved 1048576K
Event: 9.629 GC heap after
Heap after GC invocations=4 (full 0):
 PSYoungGen      total 55296K, used 2048K [0x00000000e0000000, 0x00000000e3800000, 0x0000000100000000)
  eden space 53248K, 0% used [0x00000000e0000000,0x00000000e0000000,0x00000000e3400000)
  from space 2048K, 100% used [0x00000000e3600000,0x00000000e3800000,0x00000000e3800000)
  to   space 2048K, 0% used [0x00000000e3400000,0x00000000e3400000,0x00000000e3600000)
 ParOldGen       total 35840K, used 5636K [0x00000000a0000000, 0x00000000a2300000, 0x00000000e0000000)
  object space 35840K, 15% used [0x00000000a0000000,0x00000000a05810c8,0x00000000a2300000)
 Metaspace       used 12067K, capacity 12442K, committed 12544K, reserved 1060864K
  class space    used 1612K, capacity 1723K, committed 1792K, reserved 1048576K
}
Event: 12.444 GC heap before
{Heap before GC invocations=5 (full 0):
 PSYoungGen      total 55296K, used 55296K [0x00000000e0000000, 0x00000000e3800000, 0x0000000100000000)
  eden space 53248K, 100% used [0x00000000e0000000,0x00000000e3400000,0x00000000e3400000)
  from space 2048K, 100% used [0x00000000e3600000,0x00000000e3800000,0x00000000e3800000)
  to   space 2048K, 0% used [0x00000000e3400000,0x00000000e3400000,0x00000000e3600000)
 ParOldGen       total 35840K, used 5636K [0x00000000a0000000, 0x00000000a2300000, 0x00000000e0000000)
  object space 35840K, 15% used [0x00000000a0000000,0x00000000a05810c8,0x00000000a2300000)
 Metaspace       used 16365K, capacity 16832K, committed 17152K, reserved 1064960K
  class space    used 2326K, capacity 2488K, committed 2560K, reserved 1048576K
Event: 12.464 GC heap after
Heap after GC invocations=5 (full 0):
 PSYoungGen      total 55296K, used 2032K [0x00000000e0000000, 0x00000000e7900000, 0x0000000100000000)
  eden space 53248K, 0% used [0x00000000e0000000,0x00000000e0000000,0x00000000e3400000)
  from space 2048K, 99% used [0x00000000e3400000,0x00000000e35fc030,0x00000000e3600000)
  to   space 8704K, 0% used [0x00000000e7080000,0x00000000e7080000,0x00000000e7900000)
 ParOldGen       total 35840K, used 11634K [0x00000000a0000000, 0x00000000a2300000, 0x00000000e0000000)
  object space 35840K, 32% used [0x00000000a0000000,0x00000000a0b5c9d8,0x00000000a2300000)
 Metaspace       used 16365K, capacity 16832K, committed 17152K, reserved 1064960K
  class space    used 2326K, capacity 2488K, committed 2560K, reserved 1048576K
}
Event: 20.471 GC heap before
{Heap before GC invocations=6 (full 0):
 PSYoungGen      total 55296K, used 46289K [0x00000000e0000000, 0x00000000e7900000, 0x0000000100000000)
  eden space 53248K, 83% used [0x00000000e0000000,0x00000000e2b385d8,0x00000000e3400000)
  from space 2048K, 99% used [0x00000000e3400000,0x00000000e35fc030,0x00000000e3600000)
  to   space 8704K, 0% used [0x00000000e7080000,0x00000000e7080000,0x00000000e7900000)
 ParOldGen       total 35840K, used 11634K [0x00000000a0000000, 0x00000000a2300000, 0x00000000e0000000)
  object space 35840K, 32% used [0x00000000a0000000,0x00000000a0b5c9d8,0x00000000a2300000)
 Metaspace       used 20730K, capacity 21134K, committed 21296K, reserved 1067008K
  class space    used 2960K, capacity 3119K, committed 3200K, reserved 1048576K
Event: 20.490 GC heap after
Heap after GC invocations=6 (full 0):
 PSYoungGen      total 59392K, used 7785K [0x00000000e0000000, 0x00000000e7880000, 0x0000000100000000)
  eden space 51200K, 0% used [0x00000000e0000000,0x00000000e0000000,0x00000000e3200000)
  from space 8192K, 95% used [0x00000000e7080000,0x00000000e781a400,0x00000000e7880000)
  to   space 9728K, 0% used [0x00000000e6580000,0x00000000e6580000,0x00000000e6f00000)
 ParOldGen       total 35840K, used 11642K [0x00000000a0000000, 0x00000000a2300000, 0x00000000e0000000)
  object space 35840K, 32% used [0x00000000a0000000,0x00000000a0b5e9d8,0x00000000a2300000)
 Metaspace       used 20730K, capacity 21134K, committed 21296K, reserved 1067008K
  class space    used 2960K, capacity 3119K, committed 3200K, reserved 1048576K
}
Event: 20.490 GC heap before
{Heap before GC invocations=7 (full 1):
 PSYoungGen      total 59392K, used 7785K [0x00000000e0000000, 0x00000000e7880000, 0x0000000100000000)
  eden space 51200K, 0% used [0x00000000e0000000,0x00000000e0000000,0x00000000e3200000)
  from space 8192K, 95% used [0x00000000e7080000,0x00000000e781a400,0x00000000e7880000)
  to   space 9728K, 0% used [0x00000000e6580000,0x00000000e6580000,0x00000000e6f00000)
 ParOldGen       total 35840K, used 11642K [0x00000000a0000000, 0x00000000a2300000, 0x00000000e0000000)
  object space 35840K, 32% used [0x00000000a0000000,0x00000000a0b5e9d8,0x00000000a2300000)
 Metaspace       used 20730K, capacity 21134K, committed 21296K, reserved 1067008K
  class space    used 2960K, capacity 3119K, committed 3200K, reserved 1048576K

Deoptimization events (10 events):
Event: 14.161 Thread 0x00000000188dd000 Uncommon trap: reason=bimorphic action=maybe_recompile pc=0x000000000385653c method=java.lang.ClassLoader.loadClass(Ljava/lang/String;Z)Ljava/lang/Class; @ 38
Event: 14.162 Thread 0x00000000188dd000 Uncommon trap: reason=bimorphic action=maybe_recompile pc=0x000000000385653c method=java.lang.ClassLoader.loadClass(Ljava/lang/String;Z)Ljava/lang/Class; @ 38
Event: 14.163 Thread 0x00000000188dd000 Uncommon trap: reason=bimorphic action=maybe_recompile pc=0x00000000039079c8 method=java.lang.ClassLoader.getPackage(Ljava/lang/String;)Ljava/lang/Package; @ 47
Event: 14.164 Thread 0x00000000188dd000 Uncommon trap: reason=unstable_if action=reinterpret pc=0x0000000003907330 method=java.net.URLClassLoader.getAndVerifyPackage(Ljava/lang/String;Ljava/util/jar/Manifest;Ljava/net/URL;)Ljava/lang/Package; @ 62
Event: 14.164 Thread 0x00000000188dd000 Uncommon trap: reason=bimorphic action=maybe_recompile pc=0x00000000038e1b40 method=java.lang.ClassLoader.getPackage(Ljava/lang/String;)Ljava/lang/Package; @ 47
Event: 14.165 Thread 0x00000000188dd000 Uncommon trap: reason=unstable_if action=reinterpret pc=0x00000000038e14a4 method=java.net.URLClassLoader.getAndVerifyPackage(Ljava/lang/String;Ljava/util/jar/Manifest;Ljava/net/URL;)Ljava/lang/Package; @ 62
Event: 17.652 Thread 0x00000000188dd000 Uncommon trap: reason=bimorphic action=maybe_recompile pc=0x000000000352855c method=java.io.BufferedInputStream.read([BII)I @ 101
Event: 17.654 Thread 0x00000000188dd000 Uncommon trap: reason=bimorphic action=maybe_recompile pc=0x000000000352855c method=java.io.BufferedInputStream.read([BII)I @ 101
Event: 17.655 Thread 0x00000000188dd000 Uncommon trap: reason=bimorphic action=maybe_recompile pc=0x000000000352855c method=java.io.BufferedInputStream.read([BII)I @ 101
Event: 17.656 Thread 0x00000000188dd000 Uncommon trap: reason=bimorphic action=maybe_recompile pc=0x000000000352855c method=java.io.BufferedInputStream.read([BII)I @ 101

Classes redefined (0 events):
No events

Internal exceptions (10 events):
Event: 13.826 Thread 0x00000000188d0800 Exception <a 'java/lang/NoSuchMethodError': <clinit>> (0x00000000e00aad00) thrown at [D:\src\AOSP-openjdk-cygwin\jdk8u\hotspot\src\share\vm\prims\jni.cpp, line 1614]
Event: 13.829 Thread 0x00000000188d0800 Exception <a 'java/lang/NoSuchMethodError': <clinit>> (0x00000000e00b9ec0) thrown at [D:\src\AOSP-openjdk-cygwin\jdk8u\hotspot\src\share\vm\prims\jni.cpp, line 1614]
Event: 14.169 Thread 0x00000000188dd000 Exception <a 'java/lang/NoSuchMethodError': <clinit>> (0x00000000e17b01a0) thrown at [D:\src\AOSP-openjdk-cygwin\jdk8u\hotspot\src\share\vm\prims\jni.cpp, line 1614]
Event: 14.569 Thread 0x00000000188dd000 Exception <a 'java/lang/NoSuchMethodError': <clinit>> (0x00000000e17ff5f0) thrown at [D:\src\AOSP-openjdk-cygwin\jdk8u\hotspot\src\share\vm\prims\jni.cpp, line 1614]
Event: 14.586 Thread 0x00000000188dd000 Exception <a 'java/lang/NoSuchMethodError': <clinit>> (0x00000000e180d180) thrown at [D:\src\AOSP-openjdk-cygwin\jdk8u\hotspot\src\share\vm\prims\jni.cpp, line 1614]
Event: 14.825 Thread 0x00000000188dd000 Exception <a 'java/lang/NoSuchMethodError': <clinit>> (0x00000000e1934e98) thrown at [D:\src\AOSP-openjdk-cygwin\jdk8u\hotspot\src\share\vm\prims\jni.cpp, line 1614]
Event: 14.825 Thread 0x00000000188dd000 Exception <a 'java/lang/NoSuchMethodError': <clinit>> (0x00000000e1938d60) thrown at [D:\src\AOSP-openjdk-cygwin\jdk8u\hotspot\src\share\vm\prims\jni.cpp, line 1614]
Event: 14.825 Thread 0x00000000188dd000 Exception <a 'java/lang/NoSuchMethodError': <clinit>> (0x00000000e193a7e8) thrown at [D:\src\AOSP-openjdk-cygwin\jdk8u\hotspot\src\share\vm\prims\jni.cpp, line 1614]
Event: 14.825 Thread 0x00000000188dd000 Exception <a 'java/lang/NoSuchMethodError': <clinit>> (0x00000000e193bf38) thrown at [D:\src\AOSP-openjdk-cygwin\jdk8u\hotspot\src\share\vm\prims\jni.cpp, line 1614]
Event: 14.826 Thread 0x00000000188dd000 Exception <a 'java/lang/NoSuchMethodError': <clinit>> (0x00000000e193d538) thrown at [D:\src\AOSP-openjdk-cygwin\jdk8u\hotspot\src\share\vm\prims\jni.cpp, line 1614]

Events (10 events):
Event: 20.362 loading class java/util/Spliterator$OfInt done
Event: 20.363 loading class groovy/lang/GString$1
Event: 20.363 loading class groovy/lang/GString$1 done
Event: 20.364 loading class groovy/lang/StringWriterIOException
Event: 20.364 loading class groovy/lang/StringWriterIOException done
Event: 20.364 loading class org/codehaus/groovy/runtime/GStringImpl
Event: 20.364 loading class org/codehaus/groovy/runtime/GStringImpl done
Event: 20.392 loading class org/codehaus/groovy/runtime/DefaultGroovyMethods
Event: 20.392 loading class org/codehaus/groovy/runtime/DefaultGroovyMethods done
Event: 20.471 Executing VM operation: CollectForMetadataAllocation


Dynamic libraries:
0x00007ff723130000 - 0x00007ff723161000 	C:\Program Files\Android\Android Studio\jre\bin\java.exe
0x00007ffe1a720000 - 0x00007ffe1a901000 	C:\WINDOWS\SYSTEM32\ntdll.dll
0x00007ffe18200000 - 0x00007ffe182b1000 	C:\WINDOWS\System32\KERNEL32.DLL
0x00007ffe16cc0000 - 0x00007ffe16f33000 	C:\WINDOWS\System32\KERNELBASE.dll
0x00007ffe198c0000 - 0x00007ffe19961000 	C:\WINDOWS\System32\ADVAPI32.dll
0x00007ffe19a60000 - 0x00007ffe19afe000 	C:\WINDOWS\System32\msvcrt.dll
0x00007ffe19c60000 - 0x00007ffe19cbb000 	C:\WINDOWS\System32\sechost.dll
0x00007ffe19e70000 - 0x00007ffe19f94000 	C:\WINDOWS\System32\RPCRT4.dll
0x00007ffe19cc0000 - 0x00007ffe19e51000 	C:\WINDOWS\System32\USER32.dll
0x00007ffe17ad0000 - 0x00007ffe17af0000 	C:\WINDOWS\System32\win32u.dll
0x00007ffe19890000 - 0x00007ffe198b8000 	C:\WINDOWS\System32\GDI32.dll
0x00007ffe16f40000 - 0x00007ffe170d1000 	C:\WINDOWS\System32\gdi32full.dll
0x00007ffe17af0000 - 0x00007ffe17b8f000 	C:\WINDOWS\System32\msvcp_win.dll
0x00007ffe17270000 - 0x00007ffe17368000 	C:\WINDOWS\System32\ucrtbase.dll
0x00007ffe08910000 - 0x00007ffe08b79000 	C:\WINDOWS\WinSxS\amd64_microsoft.windows.common-controls_6595b64144ccf1df_6.0.17134.1184_none_d403e8b37c8ca406\COMCTL32.dll
0x00007ffe17c10000 - 0x00007ffe17f31000 	C:\WINDOWS\System32\combase.dll
0x00007ffe17140000 - 0x00007ffe171b9000 	C:\WINDOWS\System32\bcryptPrimitives.dll
0x00007ffe19fa0000 - 0x00007ffe19fcd000 	C:\WINDOWS\System32\IMM32.DLL
0x000000005bdf0000 - 0x000000005bec2000 	C:\Program Files\Android\Android Studio\jre\jre\bin\msvcr100.dll
0x000000005cd00000 - 0x000000005d546000 	C:\Program Files\Android\Android Studio\jre\jre\bin\server\jvm.dll
0x00007ffe19e60000 - 0x00007ffe19e68000 	C:\WINDOWS\System32\PSAPI.DLL
0x00007ffe10530000 - 0x00007ffe1053a000 	C:\WINDOWS\SYSTEM32\VERSION.dll
0x00007ffe0dec0000 - 0x00007ffe0dec9000 	C:\WINDOWS\SYSTEM32\WSOCK32.dll
0x00007ffe11b60000 - 0x00007ffe11b83000 	C:\WINDOWS\SYSTEM32\WINMM.dll
0x00007ffe17fc0000 - 0x00007ffe1802c000 	C:\WINDOWS\System32\WS2_32.dll
0x00007ffe11b30000 - 0x00007ffe11b5a000 	C:\WINDOWS\SYSTEM32\winmmbase.dll
0x00007ffe17a80000 - 0x00007ffe17ac9000 	C:\WINDOWS\System32\cfgmgr32.dll
0x00007ffe0deb0000 - 0x00007ffe0debf000 	C:\Program Files\Android\Android Studio\jre\jre\bin\verify.dll
0x00007ffe0de70000 - 0x00007ffe0de99000 	C:\Program Files\Android\Android Studio\jre\jre\bin\java.dll
0x00007ffe0de50000 - 0x00007ffe0de66000 	C:\Program Files\Android\Android Studio\jre\jre\bin\zip.dll
0x00007ffe18440000 - 0x00007ffe19885000 	C:\WINDOWS\System32\SHELL32.dll
0x00007ffe180d0000 - 0x00007ffe18179000 	C:\WINDOWS\System32\shcore.dll
0x00007ffe17370000 - 0x00007ffe17a80000 	C:\WINDOWS\System32\windows.storage.dll
0x00007ffe17f60000 - 0x00007ffe17fb1000 	C:\WINDOWS\System32\shlwapi.dll
0x00007ffe16a30000 - 0x00007ffe16a41000 	C:\WINDOWS\System32\kernel.appcore.dll
0x00007ffe16ab0000 - 0x00007ffe16acf000 	C:\WINDOWS\System32\profapi.dll
0x00007ffe16a50000 - 0x00007ffe16a9c000 	C:\WINDOWS\System32\powrprof.dll
0x00007ffe16aa0000 - 0x00007ffe16aaa000 	C:\WINDOWS\System32\FLTLIB.DLL
0x00007ffe04a20000 - 0x00007ffe04a3a000 	C:\Program Files\Android\Android Studio\jre\jre\bin\net.dll
0x00007ffe16290000 - 0x00007ffe162f6000 	C:\WINDOWS\system32\mswsock.dll
0x00007ffdf8820000 - 0x00007ffdf8831000 	C:\Program Files\Android\Android Studio\jre\jre\bin\nio.dll
0x00007ffdee990000 - 0x00007ffdee9b6000 	C:\Users\Darwis\.gradle\native\29\windows-amd64\native-platform.dll
0x00007ffe12240000 - 0x00007ffe1224d000 	C:\Program Files\Android\Android Studio\jre\jre\bin\management.dll
0x00007ffe16440000 - 0x00007ffe16457000 	C:\WINDOWS\SYSTEM32\CRYPTSP.dll
0x00007ffe15e40000 - 0x00007ffe15e73000 	C:\WINDOWS\system32\rsaenh.dll
0x00007ffe16570000 - 0x00007ffe16595000 	C:\WINDOWS\SYSTEM32\bcrypt.dll
0x00007ffe16940000 - 0x00007ffe16968000 	C:\WINDOWS\SYSTEM32\USERENV.dll
0x00007ffe16460000 - 0x00007ffe1646b000 	C:\WINDOWS\SYSTEM32\CRYPTBASE.dll
0x00007ffe15fe0000 - 0x00007ffe16018000 	C:\WINDOWS\SYSTEM32\IPHLPAPI.DLL
0x00007ffe181f0000 - 0x00007ffe181f8000 	C:\WINDOWS\System32\NSI.dll
0x00007ffe103b0000 - 0x00007ffe103c6000 	C:\WINDOWS\SYSTEM32\dhcpcsvc6.DLL
0x00007ffe10510000 - 0x00007ffe1052a000 	C:\WINDOWS\SYSTEM32\dhcpcsvc.DLL
0x00007ffe099e0000 - 0x00007ffe09ba9000 	C:\WINDOWS\SYSTEM32\dbghelp.dll

VM Arguments:
jvm_args: -Xmx1536m -Dfile.encoding=windows-1252 -Duser.country=US -Duser.language=en -Duser.variant 
java_command: org.gradle.launcher.daemon.bootstrap.GradleDaemon 5.4.1
java_class_path (initial): C:\Users\Darwis\.gradle\wrapper\dists\gradle-5.4.1-all\3221gyojl5jsh0helicew7rwx\gradle-5.4.1\lib\gradle-launcher-5.4.1.jar
Launcher Type: SUN_STANDARD

Environment Variables:
PATH=C:\Program Files\Microsoft MPI\Bin\;C:\WINDOWS\system32;C:\WINDOWS;C:\WINDOWS\System32\Wbem;C:\WINDOWS\System32\WindowsPowerShell\v1.0\;C:\Program Files\Microsoft SQL Server\Client SDK\ODBC\130\Tools\Binn\;C:\Program Files (x86)\Microsoft SQL Server\140\Tools\Binn\;C:\Program Files\Microsoft SQL Server\140\Tools\Binn\;C:\Program Files\Microsoft SQL Server\140\DTS\Binn\;C:\Program Files\Microsoft\Web Platform Installer\;C:\Program Files (x86)\Microsoft ASP.NET\ASP.NET Web Pages\v1.0\;C:\Program Files\Microsoft SQL Server\110\Tools\Binn\;C:\Program Files\Microsoft SQL Server\110\DTS\Binn\;C:\Program Files (x86)\Microsoft SQL Server\110\Tools\Binn\;C:\Program Files (x86)\Microsoft SQL Server\110\Tools\Binn\ManagementStudio\;C:\Program Files (x86)\Microsoft Visual Studio 10.0\Common7\IDE\PrivateAssemblies\;C:\Program Files (x86)\Microsoft SQL Server\110\DTS\Binn\;C:\Program Files\dotnet\;C:\Program Files\Microsoft SQL Server\130\Tools\Binn\;C:\Program Files\Git\cmd;C:\Program Files\nodejs\;C:\WINDOWS\System32\OpenSSH\;C:\xampp\php;C:\ProgramData\ComposerSetup\bin;C:\Users\Darwis\AppData\Local\Microsoft\WindowsApps;C:\Users\Darwis\AppData\Roaming\npm;C:\Users\Darwis\AppData\Local\Programs\Microsoft VS Code\bin;C:\Users\Darwis\AppData\Roaming\Composer\vendor\bin
USERNAME=Darwis
OS=Windows_NT
PROCESSOR_IDENTIFIER=AMD64 Family 21 Model 48 Stepping 1, AuthenticAMD



---------------  S Y S T E M  ---------------

OS: Windows 10.0 , 64 bit Build 17134 (10.0.17134.753)

CPU:total 4 (initial active 4) (4 cores per cpu, 1 threads per core) family 21 model 48 stepping 1, cmov, cx8, fxsr, mmx, sse, sse2, sse3, ssse3, sse4.1, sse4.2, popcnt, avx, aes, clmul, mmxext, 3dnowpref, lzcnt, sse4a, tsc, tscinvbit, tscinv, bmi1

Memory: 4k page, physical 3357040k(348600k free), swap 7813488k(1544808k free)

vm_info: OpenJDK 64-Bit Server VM (25.202-b03) for windows-amd64 JRE (1.8.0_202-release-1483-b03), built by "builder" with MS VC++ 10.0 (VS2010)

time: Sat Jan 11 13:54:19 2020
timezone: SE Asia Standard Time
elapsed time: 23 seconds (0d 0h 0m 23s)

